Review: login lockout and countdown
Commit scope:
- src/main/java/com/inote/controller/AuthController.java
- src/main/java/com/inote/config/GlobalExceptionHandler.java
- src/main/java/com/inote/service/AuthService.java
- src/main/java/com/inote/service/LoginLockService.java
- src/main/java/com/inote/service/LoginLockException.java
- web/src/App.tsx
- web/src/api.ts
- web/src/components/AuthView.tsx

Findings:
- [suggestion] The lock state is stored only in-process in `LoginLockService`, so it will not be shared across multiple app instances or survive restarts. If this project is ever deployed behind a load balancer, the 60-second lock can be bypassed by hitting a different node.

Summary:
- The 5-failure lockout, server-side 60-second rejection, and frontend countdown are implemented coherently.
- No blocking defect was found in the single-instance path.

Review: DDoS rate limiting
Commit scope:
- src/main/java/com/inote/security/ClientIpResolver.java
- src/main/java/com/inote/security/RequestRateLimitService.java
- src/main/java/com/inote/security/RequestRateLimitFilter.java

Findings:
- [suggestion] `RequestRateLimitService` keeps a bucket for every seen `(path, ip)` pair and never evicts idle entries. On a long-running node that receives traffic from many unique IPs, this can grow without bound.

Summary:
- The filter rejects excessive `/api/*` traffic before it reaches controllers and applies stricter buckets to auth endpoints.
- No blocking defect was found in the local-path implementation.

Review: 500ms replay protection
Commit scope:
- src/main/java/com/inote/security/CachedBodyHttpServletRequest.java
- src/main/java/com/inote/security/ReplayProtectionFilter.java
- src/main/java/com/inote/security/ReplayProtectionService.java

Findings:
- [suggestion] Multipart uploads do not get full body canonicalization; the fallback fingerprint only uses URI, IP, username, token, content type, and content length. That is acceptable as a safety tradeoff, but it is not a perfect match for the requested "same interface parameters" rule on large uploads.
- [suggestion] Replay fingerprints are stored in-process only, so duplicate submission protection is not shared across nodes or restarts.

Summary:
- Login submissions and mutating authenticated API requests are checked before controller execution, and duplicate submissions within 500ms are rejected with 409.
- No blocking defect was found in the local-path implementation.

Review: User reference-answer setting
Commit scope:
- src/main/java/com/inote/controller/AuthController.java
- src/main/java/com/inote/model/dto/UserSettingsRequest.java
- src/main/java/com/inote/model/dto/UserSettingsResponse.java
- src/main/java/com/inote/model/entity/User.java
- src/main/java/com/inote/service/UserSettingsService.java
- src/main/java/com/inote/service/ChatService.java
- web/src/App.tsx
- web/src/api.ts
- web/src/components/ChatWorkspace.tsx
- web/src/styles.css
- web/src/types.ts

Findings:
- None.

Summary:
- Reviewed the per-user settings API, entity defaulting, chat fallback branch, frontend API/type contract, optimistic toggle state, and switch styling.
- Backend compile and frontend build had already passed; commit may proceed.
